<?xml version="1.0" encoding="UTF-8"?>
<!-- Generated by org.testng.reporters.JUnitXMLReporter -->
<testsuite hostname="DESKTOP-1QR28JR" failures="0" tests="52" name="Test" time="258.182" errors="0" timestamp="3 Aug 2019 12:16:30 GMT">
  <testcase classname="com.stockMarket.testcases.OptionPage" name="addStocks" time="4.585"/>
  <testcase classname="com.stockMarket.testcases.OptionPage" name="addStocks" time="4.443"/>
  <testcase classname="com.stockMarket.testcases.OptionPage" name="addStocks" time="3.877"/>
  <testcase classname="com.stockMarket.testcases.OptionPage" name="addStocks" time="3.867"/>
  <testcase classname="com.stockMarket.testcases.OptionPage" name="addStocks" time="3.922"/>
  <testcase classname="com.stockMarket.testcases.OptionPage" name="addStocks" time="4.323"/>
  <testcase classname="com.stockMarket.testcases.OptionPage" name="addStocks" time="3.767"/>
  <testcase classname="com.stockMarket.testcases.OptionPage" name="addStocks" time="4.018"/>
  <testcase classname="com.stockMarket.testcases.OptionPage" name="addStocks" time="4.284"/>
  <testcase classname="com.stockMarket.testcases.OptionPage" name="addStocks" time="4.976"/>
  <testcase classname="com.stockMarket.testcases.OptionPage" name="addStocks" time="3.99"/>
  <testcase classname="com.stockMarket.testcases.OptionPage" name="addStocks" time="4.006"/>
  <testcase classname="com.stockMarket.testcases.OptionPage" name="addStocks" time="4.487"/>
  <testcase classname="com.stockMarket.testcases.OptionPage" name="addStocks" time="5.002"/>
  <testcase classname="com.stockMarket.testcases.OptionPage" name="addStocks" time="5.841"/>
  <testcase classname="com.stockMarket.testcases.OptionPage" name="addStocks" time="4.283"/>
  <testcase classname="com.stockMarket.testcases.OptionPage" name="addStocks" time="4.23"/>
  <testcase classname="com.stockMarket.testcases.OptionPage" name="addStocks" time="4.044"/>
  <testcase classname="com.stockMarket.testcases.OptionPage" name="addStocks" time="4.265"/>
  <testcase classname="com.stockMarket.testcases.OptionPage" name="addStocks" time="4.025"/>
  <testcase classname="com.stockMarket.testcases.OptionPage" name="addStocks" time="4.016"/>
  <testcase classname="com.stockMarket.testcases.OptionPage" name="addStocks" time="4.362"/>
  <testcase classname="com.stockMarket.testcases.OptionPage" name="addStocks" time="4.32"/>
  <testcase classname="com.stockMarket.testcases.OptionPage" name="addStocks" time="4.219"/>
  <testcase classname="com.stockMarket.testcases.OptionPage" name="addStocks" time="4.077"/>
  <testcase classname="com.stockMarket.testcases.OptionPage" name="addStocks" time="4.203"/>
  <testcase classname="com.stockMarket.testcases.OptionPage" name="addStocks" time="4.719"/>
  <testcase classname="com.stockMarket.testcases.OptionPage" name="addStocks" time="4.468"/>
  <testcase classname="com.stockMarket.testcases.OptionPage" name="addStocks" time="8.914"/>
  <testcase classname="com.stockMarket.testcases.OptionPage" name="addStocks" time="3.927"/>
  <testcase classname="com.stockMarket.testcases.OptionPage" name="addStocks" time="4.234"/>
  <testcase classname="com.stockMarket.testcases.OptionPage" name="addStocks" time="4.578"/>
  <testcase classname="com.stockMarket.testcases.OptionPage" name="addStocks" time="4.572"/>
  <testcase classname="com.stockMarket.testcases.OptionPage" name="addStocks" time="3.956"/>
  <testcase classname="com.stockMarket.testcases.OptionPage" name="addStocks" time="4.17"/>
  <testcase classname="com.stockMarket.testcases.OptionPage" name="addStocks" time="4.221"/>
  <testcase classname="com.stockMarket.testcases.OptionPage" name="addStocks" time="4.243"/>
  <testcase classname="com.stockMarket.testcases.OptionPage" name="addStocks" time="4.163"/>
  <testcase classname="com.stockMarket.testcases.OptionPage" name="addStocks" time="4.075"/>
  <testcase classname="com.stockMarket.testcases.OptionPage" name="addStocks" time="4.153"/>
  <testcase classname="com.stockMarket.testcases.OptionPage" name="addStocks" time="3.873"/>
  <testcase classname="com.stockMarket.testcases.OptionPage" name="addStocks" time="4.052"/>
  <testcase classname="com.stockMarket.testcases.OptionPage" name="addStocks" time="4.086"/>
  <testcase classname="com.stockMarket.testcases.OptionPage" name="addStocks" time="6.657"/>
  <testcase classname="com.stockMarket.testcases.OptionPage" name="addStocks" time="4.896"/>
  <testcase classname="com.stockMarket.testcases.OptionPage" name="addStocks" time="3.926"/>
  <testcase classname="com.stockMarket.testcases.OptionPage" name="addStocks" time="4.535"/>
  <testcase classname="com.stockMarket.testcases.OptionPage" name="addStocks" time="4.411"/>
  <testcase classname="com.stockMarket.testcases.OptionPage" name="addStocks" time="4.024"/>
  <testcase classname="com.stockMarket.testcases.OptionPage" name="addStocks" time="3.801"/>
  <testcase classname="com.stockMarket.testcases.OptionPage" name="optionPageForIndexBANKNIFTY" time="17.835"/>
  <testcase classname="com.stockMarket.testcases.OptionPage" name="optionPageForIndexNifty" time="20.085"/>
</testsuite> <!-- Test -->
